<?xml version="1.0" encoding="UTF-8"?>
<!-- Generated by org.testng.reporters.JUnitReportReporter -->
<testsuite hostname="sandeep" failures="0" tests="1" name="com.testpackage.FullPageScreenShot" time="3.741" errors="0" timestamp="2021-12-01T21:50:06 IST" skipped="0">
  <testcase classname="com.testpackage.FullPageScreenShot" name="setup" time="3.741"/>
  <system-out/>
</testsuite> <!-- com.testpackage.FullPageScreenShot -->
